<?xml version="1.0" encoding="UTF-8"?>
<!-- Generated by org.testng.reporters.JUnitReportReporter -->
<testsuite hostname="DESKTOP-R83QAQH" failures="0" tests="1" name="org.sms.practice.Practice3Test" time="0.014" errors="0" timestamp="23 Sep 2022 06:25:55 GMT">
  <testcase classname="org.sms.practice.Practice3Test" name="step3Test" time="0.014"/>
</testsuite> <!-- org.sms.practice.Practice3Test -->
