<?xml version="1.0" encoding="UTF-8"?>
<!-- Generated by org.testng.reporters.JUnitReportReporter -->
<testsuite hostname="DESKTOP-R83QAQH" failures="0" tests="1" name="org.sms.practice.Practice2Test" time="0.030" errors="0" timestamp="23 Sep 2022 06:25:46 GMT">
  <testcase classname="org.sms.practice.Practice2Test" name="step2test" time="0.030"/>
</testsuite> <!-- org.sms.practice.Practice2Test -->
